# JRE version: OpenJDK Runtime Environment Temurin-17.0.6+10 (17.0.6+10) (build 17.0.6+10)
# Java VM: OpenJDK 64-Bit Server VM Temurin-17.0.6+10 (17.0.6+10, mixed mode, tiered, compressed oops, compressed class ptrs, g1 gc, windows-amd64)
GC Precious Log:
 CPUs: 2 total, 2 available
 Memory: 3920M
 Large Page Support: Disabled
 NUMA Support: Disabled
 Compressed Oops: Enabled (32-bit)
 Heap Region Size: 1M
 Heap Min Capacity: 8M
 Heap Initial Capacity: 62M
 Heap Max Capacity: 982M
 Pre-touch: Disabled
 Parallel Workers: 2
 Concurrent Workers: 1
 Concurrent Refinement Workers: 2
 Periodic GC: Disabled
Heap:
 garbage-first heap   total 27648K, used 16000K [0x00000000c2a00000, 0x0000000100000000)
  region size 1024K, 4 young (4096K), 2 survivors (2048K)
 Metaspace       used 27164K, committed 27392K, reserved 1073152K
  class space    used 3537K, committed 3648K, reserved 1048576K
GC Heap History (18 events):
Event: 1.243 GC heap before
{Heap before GC invocations=0 (full 0):
 garbage-first heap   total 63488K, used 5120K [0x00000000c2a00000, 0x0000000100000000)
  region size 1024K, 6 young (6144K), 0 survivors (0K)
 Metaspace       used 6337K, committed 6464K, reserved 1056768K
  class space    used 542K, committed 576K, reserved 1048576K
}
Event: 1.259 GC heap after
{Heap after GC invocations=1 (full 0):
 garbage-first heap   total 63488K, used 692K [0x00000000c2a00000, 0x0000000100000000)
  region size 1024K, 1 young (1024K), 1 survivors (1024K)
 Metaspace       used 6337K, committed 6464K, reserved 1056768K
  class space    used 542K, committed 576K, reserved 1048576K
}
Event: 2.955 GC heap before
{Heap before GC invocations=1 (full 0):
 garbage-first heap   total 63488K, used 6836K [0x00000000c2a00000, 0x0000000100000000)
  region size 1024K, 8 young (8192K), 1 survivors (1024K)
 Metaspace       used 9234K, committed 9408K, reserved 1064960K
  class space    used 862K, committed 960K, reserved 1048576K
}
Event: 2.962 GC heap after
{Heap after GC invocations=2 (full 0):
 garbage-first heap   total 63488K, used 1674K [0x00000000c2a00000, 0x0000000100000000)
  region size 1024K, 1 young (1024K), 1 survivors (1024K)
 Metaspace       used 9234K, committed 9408K, reserved 1064960K
  class space    used 862K, committed 960K, reserved 1048576K
}
Event: 3.940 GC heap before
{Heap before GC invocations=2 (full 0):
 garbage-first heap   total 63488K, used 11914K [0x00000000c2a00000, 0x0000000100000000)
  region size 1024K, 12 young (12288K), 1 survivors (1024K)
 Metaspace       used 13412K, committed 13568K, reserved 1064960K
  class space    used 1405K, committed 1472K, reserved 1048576K
}
Event: 3.949 GC heap after
{Heap after GC invocations=3 (full 0):
 garbage-first heap   total 63488K, used 3701K [0x00000000c2a00000, 0x0000000100000000)
  region size 1024K, 2 young (2048K), 2 survivors (2048K)
 Metaspace       used 13412K, committed 13568K, reserved 1064960K
  class space    used 1405K, committed 1472K, reserved 1048576K
}
Event: 6.114 GC heap before
{Heap before GC invocations=3 (full 0):
 garbage-first heap   total 63488K, used 20085K [0x00000000c2a00000, 0x0000000100000000)
  region size 1024K, 18 young (18432K), 2 survivors (2048K)
 Metaspace       used 19057K, committed 19264K, reserved 1073152K
  class space    used 2305K, committed 2432K, reserved 1048576K
}
Event: 6.128 GC heap after
{Heap after GC invocations=4 (full 0):
 garbage-first heap   total 63488K, used 5843K [0x00000000c2a00000, 0x0000000100000000)
  region size 1024K, 3 young (3072K), 3 survivors (3072K)
 Metaspace       used 19057K, committed 19264K, reserved 1073152K
  class space    used 2305K, committed 2432K, reserved 1048576K
}
Event: 7.171 GC heap before
{Heap before GC invocations=4 (full 0):
 garbage-first heap   total 63488K, used 14035K [0x00000000c2a00000, 0x0000000100000000)
  region size 1024K, 12 young (12288K), 3 survivors (3072K)
 Metaspace       used 21287K, committed 21504K, reserved 1073152K
  class space    used 2687K, committed 2816K, reserved 1048576K
}
Event: 7.185 GC heap after
{Heap after GC invocations=5 (full 0):
 garbage-first heap   total 63488K, used 7166K [0x00000000c2a00000, 0x0000000100000000)
  region size 1024K, 3 young (3072K), 3 survivors (3072K)
 Metaspace       used 21287K, committed 21504K, reserved 1073152K
  class space    used 2687K, committed 2816K, reserved 1048576K
}
Event: 10.984 GC heap before
{Heap before GC invocations=6 (full 0):
 garbage-first heap   total 27648K, used 19454K [0x00000000c2a00000, 0x0000000100000000)
  region size 1024K, 16 young (16384K), 3 survivors (3072K)
 Metaspace       used 24613K, committed 24896K, reserved 1073152K
  class space    used 3268K, committed 3392K, reserved 1048576K
}
Event: 11.002 GC heap after
{Heap after GC invocations=7 (full 0):
 garbage-first heap   total 27648K, used 8361K [0x00000000c2a00000, 0x0000000100000000)
  region size 1024K, 2 young (2048K), 2 survivors (2048K)
 Metaspace       used 24613K, committed 24896K, reserved 1073152K
  class space    used 3268K, committed 3392K, reserved 1048576K
}
Event: 11.091 GC heap before
{Heap before GC invocations=7 (full 0):
 garbage-first heap   total 27648K, used 9385K [0x00000000c2a00000, 0x0000000100000000)
  region size 1024K, 3 young (3072K), 2 survivors (2048K)
 Metaspace       used 24757K, committed 25024K, reserved 1073152K
  class space    used 3306K, committed 3456K, reserved 1048576K
}
Event: 11.110 GC heap after
{Heap after GC invocations=8 (full 0):
 garbage-first heap   total 27648K, used 8530K [0x00000000c2a00000, 0x0000000100000000)
  region size 1024K, 1 young (1024K), 1 survivors (1024K)
 Metaspace       used 24757K, committed 25024K, reserved 1073152K
  class space    used 3306K, committed 3456K, reserved 1048576K
}
Event: 13.723 GC heap before
{Heap before GC invocations=8 (full 0):
 garbage-first heap   total 27648K, used 19794K [0x00000000c2a00000, 0x0000000100000000)
  region size 1024K, 11 young (11264K), 1 survivors (1024K)
 Metaspace       used 26318K, committed 26560K, reserved 1073152K
  class space    used 3475K, committed 3648K, reserved 1048576K
}
Event: 13.734 GC heap after
{Heap after GC invocations=9 (full 0):
 garbage-first heap   total 27648K, used 13105K [0x00000000c2a00000, 0x0000000100000000)
  region size 1024K, 2 young (2048K), 2 survivors (2048K)
 Metaspace       used 26318K, committed 26560K, reserved 1073152K
  class space    used 3475K, committed 3648K, reserved 1048576K
}
Event: 19.025 GC heap before
{Heap before GC invocations=9 (full 0):
 garbage-first heap   total 27648K, used 19249K [0x00000000c2a00000, 0x0000000100000000)
  region size 1024K, 9 young (9216K), 2 survivors (2048K)
 Metaspace       used 27049K, committed 27328K, reserved 1073152K
  class space    used 3532K, committed 3648K, reserved 1048576K
}
Event: 19.039 GC heap after
{Heap after GC invocations=10 (full 0):
 garbage-first heap   total 27648K, used 14976K [0x00000000c2a00000, 0x0000000100000000)
  region size 1024K, 2 young (2048K), 2 survivors (2048K)
 Metaspace       used 27049K, committed 27328K, reserved 1073152K
  class space    used 3532K, committed 3648K, reserved 1048576K
}

